<?xml version="1.0" encoding="UTF-8"?>
<!-- Generated by org.testng.reporters.JUnitXMLReporter -->
<testsuite ignored="0" hostname="DESKTOP-TA3CMBC" failures="0" tests="3" name="Default test" time="5.573" errors="0" timestamp="2025-09-25T16:56:22 IST">
  <testcase classname="homepageTestcases.LoginTest" name="testtitleTest" time="0.019"/>
  <testcase classname="homepageTestcases.LoginTest" name="logoTest" time="0.057"/>
  <testcase classname="homepageTestcases.LoginTest" name="loginTest" time="0.311"/>
</testsuite> <!-- Default test -->
