<?xml version="1.0" encoding="UTF-8"?>
<!-- Generated by org.testng.reporters.JUnitXMLReporter -->
<testsuite ignored="0" hostname="DESKTOP-TA3CMBC" failures="0" tests="5" name="AllTests" time="38.58" errors="0" timestamp="2025-10-07T12:27:17 IST">
  <testcase classname="homepageTestcases.LoginTest" name="testTitle" time="0.02"/>
  <testcase classname="homepageTestcases.LoginTest" name="logoTest" time="0.055"/>
  <testcase classname="homepageTestcases.LoginTest" name="loginTest" time="2.728"/>
  <testcase classname="homepageTestcases.PlantDashboardTest" name="homeTitleTest" time="0.011"/>
  <testcase classname="homepageTestcases.PlantDashboardTest" name="dashboardVisibleTest" time="2.369"/>
</testsuite> <!-- AllTests -->
