<?xml version="1.0" encoding="UTF-8"?>
<!-- Generated by org.testng.reporters.JUnitXMLReporter -->
<testsuite ignored="0" hostname="DESKTOP-TA3CMBC" failures="0" tests="4" name="testngSFSFrameworkbuild" time="37.554" errors="0" timestamp="2025-02-03T13:02:33 IST">
  <testcase classname="testcases.LoginTest" name="testtitle" time="5.181"/>
  <testcase classname="testcases.LoginTest" name="testlogo" time="5.934"/>
  <testcase classname="testcases.LoginTest" name="testlogin" time="0.421"/>
  <testcase classname="testcases.HomepageTest" name="hometitleTest" time="0.032"/>
</testsuite> <!-- testngSFSFrameworkbuild -->
