<?xml version="1.0" encoding="UTF-8"?>
<!-- Generated by org.testng.reporters.JUnitXMLReporter -->
<testsuite ignored="0" hostname="DESKTOP-TA3CMBC" failures="0" tests="11" name="AllTests" time="95.539" errors="0" timestamp="2025-09-26T12:27:59 IST">
  <testcase classname="homepageTestcases.LoginTest" name="testtitleTest" time="0.02"/>
  <testcase classname="homepageTestcases.LoginTest" name="logoTest" time="0.049"/>
  <testcase classname="homepageTestcases.LoginTest" name="loginTest" time="0.312"/>
  <testcase classname="homepageTestcases.PlantDashboardTest" name="hometitleTest" time="0.011"/>
  <testcase classname="homepageTestcases.PlantDashboardTest" name="verifyzoneTest" time="0.481"/>
  <testcase classname="configurationTestcases.ConfigurationPageTest" name="clickconfigpageTest" time="0.697"/>
  <testcase classname="configurationTestcases.UserConfigTest" name="clickadduserTest" time="0.815"/>
  <testcase classname="configurationTestcases.UserConfigTest" name="newuserTest" time="1.722"/>
  <testcase classname="configurationTestcases.UserConfigTest" name="newuserTest" time="1.788"/>
  <testcase classname="configurationTestcases.UserConfigTest" name="newuserTest" time="1.802"/>
  <testcase classname="configurationTestcases.ZoneConfigPageTest" name="newuserTest" time="11.751"/>
</testsuite> <!-- AllTests -->
