<?xml version="1.0" encoding="UTF-8"?>
<!-- Generated by org.testng.reporters.JUnitXMLReporter -->
<testsuite ignored="0" hostname="DESKTOP-TA3CMBC" failures="1" tests="10" name="AllTests" time="95.279" errors="0" timestamp="2025-09-29T17:58:04 IST">
  <testcase classname="homepageTestcases.LoginTest" name="testTitle" time="0.019"/>
  <testcase classname="homepageTestcases.LoginTest" name="logoTest" time="0.052"/>
  <testcase classname="homepageTestcases.LoginTest" name="loginTest" time="0.598"/>
  <testcase classname="homepageTestcases.PlantDashboardTest" name="homeTitleTest" time="0.016"/>
  <testcase classname="homepageTestcases.PlantDashboardTest" name="dashboardVisibleTest" time="0.402"/>
  <testcase classname="homepageTestcases.PlantDashboardTest" name="verifyZoneClickTest" time="0.601"/>
  <testcase classname="configurationTestcases.UserConfigTest" name="newUserTest" time="10.233"/>
  <testcase classname="configurationTestcases.UserConfigTest" name="newUserTest" time="10.255"/>
  <testcase classname="configurationTestcases.UserConfigTest" name="newUserTest" time="10.25"/>
  <testcase classname="configurationTestcases.ZoneConfigPageTest" name="newZoneTest" time="11.882">
    <failure type="java.lang.AssertionError" message="Zone creation might have failed. Actual toaster: Zone
Added Successfully expected [true] but found [false]">
      <![CDATA[java.lang.AssertionError: Zone creation might have failed. Actual toaster: Zone
Added Successfully expected [true] but found [false]
at configurationTestcases.ZoneConfigPageTest.newZoneTest(ZoneConfigPageTest.java:53)
at java.base/java.util.ArrayList.forEach(ArrayList.java:1511)
... Removed 30 stack frames]]>
    </failure>
  </testcase> <!-- newZoneTest -->
</testsuite> <!-- AllTests -->
