<?xml version="1.0" encoding="UTF-8"?>
<!-- Generated by org.testng.reporters.JUnitXMLReporter -->
<testsuite ignored="0" hostname="DESKTOP-TA3CMBC" failures="0" tests="3" name="testngSFSFrameworkbuild" time="19.558" errors="0" timestamp="2025-09-25T11:40:46 IST">
  <testcase classname="homepageTestcases.LoginTest" name="testtitleTest" time="0.023"/>
  <testcase classname="homepageTestcases.LoginTest" name="logoTest" time="0.043"/>
  <testcase classname="homepageTestcases.LoginTest" name="loginTest" time="0.386"/>
</testsuite> <!-- testngSFSFrameworkbuild -->
