<?xml version="1.0" encoding="UTF-8"?>
<!-- Generated by org.testng.reporters.JUnitXMLReporter -->
<testsuite ignored="0" hostname="DESKTOP-TA3CMBC" failures="0" tests="3" name="testngSFSFrameworkbuild" time="5.321" errors="0" timestamp="2025-09-25T16:25:13 IST">
  <testcase classname="homepageTestcases.LoginTest" name="testtitleTest" time="0.019"/>
  <testcase classname="homepageTestcases.LoginTest" name="logoTest" time="0.063"/>
  <testcase classname="homepageTestcases.LoginTest" name="loginTest" time="0.287"/>
</testsuite> <!-- testngSFSFrameworkbuild -->
