<?xml version="1.0" encoding="UTF-8"?>
<!-- Generated by org.testng.reporters.JUnitReportReporter -->
<testsuite hostname="DESKTOP-TA3CMBC" failures="0" tests="7" name="configurationTestcases.ConfigurationPageTest" time="47.548" errors="0" timestamp="2025-09-29T17:53:21 IST" skipped="0">
  <testcase classname="configurationTestcases.ConfigurationPageTest" name="verifyClickRole" time="6.819"/>
  <system-out/>
  <testcase classname="configurationTestcases.ConfigurationPageTest" name="verifyClickUser" time="6.717"/>
  <system-out/>
  <testcase classname="configurationTestcases.ConfigurationPageTest" name="verifyClickZone" time="6.905"/>
  <system-out/>
  <testcase classname="configurationTestcases.ConfigurationPageTest" name="verifyClickShift" time="6.624"/>
  <system-out/>
  <testcase classname="configurationTestcases.ConfigurationPageTest" name="verifyClickMachine" time="6.924"/>
  <system-out/>
  <testcase classname="configurationTestcases.ConfigurationPageTest" name="verifyClickLogger" time="6.787"/>
  <system-out/>
  <testcase classname="configurationTestcases.ConfigurationPageTest" name="verifyClickTargetPart" time="6.772"/>
  <system-out/>
</testsuite> <!-- configurationTestcases.ConfigurationPageTest -->
