<?xml version="1.0" encoding="UTF-8"?>
<!-- Generated by org.testng.reporters.JUnitReportReporter -->
<testsuite hostname="DESKTOP-TA3CMBC" failures="0" tests="3" name="homepageTestcases.LoginTest" time="13.086" errors="0" timestamp="2025-09-25T14:52:29 IST" skipped="0">
  <testcase classname="homepageTestcases.LoginTest" name="testtitleTest" time="6.332"/>
  <system-out/>
  <testcase classname="homepageTestcases.LoginTest" name="logoTest" time="2.529"/>
  <system-out/>
  <testcase classname="homepageTestcases.LoginTest" name="loginTest" time="4.225"/>
  <system-out/>
</testsuite> <!-- homepageTestcases.LoginTest -->
