<?xml version="1.0" encoding="UTF-8"?>
<!-- Generated by org.testng.reporters.JUnitReportReporter -->
<testsuite hostname="DESKTOP-TA3CMBC" failures="0" tests="3" name="homepageTestcases.LoginTest" time="12.550" errors="0" timestamp="2025-09-25T15:03:39 IST" skipped="0">
  <testcase classname="homepageTestcases.LoginTest" name="testtitleTest" time="4.088"/>
  <system-out/>
  <testcase classname="homepageTestcases.LoginTest" name="logoTest" time="3.529"/>
  <system-out/>
  <testcase classname="homepageTestcases.LoginTest" name="loginTest" time="4.933"/>
  <system-out/>
</testsuite> <!-- homepageTestcases.LoginTest -->
