<?xml version="1.0" encoding="UTF-8"?>
<!-- Generated by org.testng.reporters.JUnitReportReporter -->
<testsuite hostname="DESKTOP-TA3CMBC" failures="0" tests="3" name="homepageTestcases.PlantDashboardTest" time="13.070" errors="0" timestamp="2025-09-29T17:58:04 IST" skipped="0">
  <testcase classname="homepageTestcases.PlantDashboardTest" name="homeTitleTest" time="3.938"/>
  <system-out/>
  <testcase classname="homepageTestcases.PlantDashboardTest" name="dashboardVisibleTest" time="4.540"/>
  <system-out/>
  <testcase classname="homepageTestcases.PlantDashboardTest" name="verifyZoneClickTest" time="4.592"/>
  <system-out/>
</testsuite> <!-- homepageTestcases.PlantDashboardTest -->
