<?xml version="1.0" encoding="UTF-8"?>
<!-- Generated by org.testng.reporters.JUnitReportReporter -->
<testsuite hostname="DESKTOP-TA3CMBC" failures="0" tests="3" name="testcases.UserConfigTest" time="38.280" errors="0" timestamp="2025-02-06T13:22:07 SGT" skipped="0">
  <testcase classname="testcases.UserConfigTest" name="newuserTest" time="11.850"/>
  <testcase classname="testcases.UserConfigTest" name="newuserTest" time="12.132"/>
  <testcase classname="testcases.UserConfigTest" name="newuserTest" time="14.298"/>
</testsuite> <!-- testcases.UserConfigTest -->
