<?xml version="1.0" encoding="UTF-8"?>
<!-- Generated by org.testng.reporters.JUnitReportReporter -->
<testsuite hostname="DESKTOP-TA3CMBC" failures="0" tests="3" name="configurationTestcases.UserConfigTest" time="49.302" errors="0" timestamp="2025-09-29T17:58:04 IST" skipped="0">
  <testcase classname="configurationTestcases.UserConfigTest" name="newUserTest" time="16.525"/>
  <system-out/>
  <testcase classname="configurationTestcases.UserConfigTest" name="newUserTest" time="16.285"/>
  <system-out/>
  <testcase classname="configurationTestcases.UserConfigTest" name="newUserTest" time="16.492"/>
  <system-out/>
</testsuite> <!-- configurationTestcases.UserConfigTest -->
