<?xml version="1.0" encoding="UTF-8"?>
<!-- Generated by org.testng.reporters.JUnitReportReporter -->
<testsuite hostname="DESKTOP-TA3CMBC" failures="0" tests="3" name="homepageTestcases.PlantDashboardTest" time="14.768" errors="0" timestamp="2025-09-29T18:46:40 IST" skipped="0">
  <testcase classname="homepageTestcases.PlantDashboardTest" name="homeTitleTest" time="4.687"/>
  <system-out/>
  <testcase classname="homepageTestcases.PlantDashboardTest" name="dashboardVisibleTest" time="4.870"/>
  <system-out/>
  <testcase classname="homepageTestcases.PlantDashboardTest" name="verifyZoneClickTest" time="5.211"/>
  <system-out/>
</testsuite> <!-- homepageTestcases.PlantDashboardTest -->
