<?xml version="1.0" encoding="UTF-8"?>
<!-- Generated by org.testng.reporters.JUnitReportReporter -->
<testsuite hostname="DESKTOP-TA3CMBC" failures="0" tests="3" name="configurationTestcases.ShiftConfigPageTest" time="141.378" errors="0" timestamp="2025-03-28T13:00:47 IST" skipped="0">
  <testcase classname="configurationTestcases.ShiftConfigPageTest" name="newuserTest" time="47.563"/>
  <system-out/>
  <testcase classname="configurationTestcases.ShiftConfigPageTest" name="newuserTest" time="46.965"/>
  <system-out/>
  <testcase classname="configurationTestcases.ShiftConfigPageTest" name="newuserTest" time="46.850"/>
  <system-out/>
</testsuite> <!-- configurationTestcases.ShiftConfigPageTest -->
