<?xml version="1.0" encoding="UTF-8"?>
<!-- Generated by org.testng.reporters.JUnitReportReporter -->
<testsuite hostname="DESKTOP-TA3CMBC" failures="0" tests="2" name="testcases.ZoneDashboardTest" time="29.519" errors="0" timestamp="2025-02-03T18:03:29 IST" skipped="0">
  <testcase classname="testcases.ZoneDashboardTest" name="verifypatternsTest" time="15.359"/>
  <testcase classname="testcases.ZoneDashboardTest" name="machineclickTest" time="14.160"/>
</testsuite> <!-- testcases.ZoneDashboardTest -->
