<?xml version="1.0" encoding="UTF-8"?>
<!-- Generated by org.testng.reporters.JUnitReportReporter -->
<testsuite hostname="DESKTOP-TA3CMBC" failures="0" tests="2" name="testcases.PlantDashboardTest" time="24.211" errors="0" timestamp="2025-02-03T18:02:36 IST" skipped="0">
  <testcase classname="testcases.PlantDashboardTest" name="hometitleTest" time="11.096"/>
  <testcase classname="testcases.PlantDashboardTest" name="verifyzone" time="13.115"/>
</testsuite> <!-- testcases.PlantDashboardTest -->
