<?xml version="1.0" encoding="UTF-8"?>
<!-- Generated by org.testng.reporters.JUnitReportReporter -->
<testsuite hostname="DESKTOP-TA3CMBC" failures="0" tests="3" name="testcases.UserConfigTest" time="56.773" errors="0" timestamp="2025-02-06T19:47:21 SGT" skipped="0">
  <testcase classname="testcases.UserConfigTest" name="newuserTest" time="18.250"/>
  <testcase classname="testcases.UserConfigTest" name="newuserTest" time="18.833"/>
  <testcase classname="testcases.UserConfigTest" name="newuserTest" time="19.690"/>
</testsuite> <!-- testcases.UserConfigTest -->
