<?xml version="1.0" encoding="UTF-8"?>
<!-- Generated by org.testng.reporters.JUnitReportReporter -->
<testsuite hostname="DESKTOP-TA3CMBC" failures="0" tests="3" name="testcases.LoginTest" time="35.201" errors="0" timestamp="2025-02-03T18:01:39 IST" skipped="0">
  <testcase classname="testcases.LoginTest" name="testtitleTest" time="9.916"/>
  <testcase classname="testcases.LoginTest" name="logoTest" time="11.047"/>
  <testcase classname="testcases.LoginTest" name="loginTest" time="14.238"/>
</testsuite> <!-- testcases.LoginTest -->
